\BOOKMARK [0][]{chapter*.5}{\315ndice de figuras}{}% 1
\BOOKMARK [0][]{chapter*.6}{\315ndice de tablas}{}% 2
\BOOKMARK [0][]{chapter.1}{1 Introducci\363n}{}% 3
\BOOKMARK [1][]{section.1.1}{1.1 Presentaci\363n}{chapter.1}% 4
\BOOKMARK [1][]{section.1.2}{1.2 Objetivo}{chapter.1}% 5
\BOOKMARK [1][]{section.1.3}{1.3 Motivaci\363n}{chapter.1}% 6
\BOOKMARK [1][]{section.1.4}{1.4 Planteamiento del problema}{chapter.1}% 7
\BOOKMARK [1][]{section.1.5}{1.5 Metodolog\355a}{chapter.1}% 8
\BOOKMARK [1][]{section.1.6}{1.6 Contribuciones}{chapter.1}% 9
\BOOKMARK [1][]{section.1.7}{1.7 Estructura de la tesis}{chapter.1}% 10
\BOOKMARK [0][]{chapter.2}{2 Marco te\363rico}{}% 11
\BOOKMARK [0][]{chapter.3}{3 Definiciones}{}% 12
\BOOKMARK [1][]{section.3.1}{3.1 Black Scholes}{chapter.3}% 13
\BOOKMARK [1][]{section.3.2}{3.2 Bayes}{chapter.3}% 14
\BOOKMARK [1][]{section.3.3}{3.3 Meta-algoritmos}{chapter.3}% 15
\BOOKMARK [2][]{subsection.3.3.1}{3.3.1 Algoritmo evolutivo \( Meta algoritmo \) - Non Sorted Genetic Algorithm II}{section.3.3}% 16
\BOOKMARK [3][]{subsubsection.3.3.1.1}{3.3.1.1 Codificador}{subsection.3.3.1}% 17
\BOOKMARK [3][]{subsubsection.3.3.1.2}{3.3.1.2 Decodificador}{subsection.3.3.1}% 18
\BOOKMARK [1][]{section.3.4}{3.4 Algoritmos}{chapter.3}% 19
\BOOKMARK [2][]{subsection.3.4.1}{3.4.1 Red neuronal con retropropagaci\363n}{section.3.4}% 20
\BOOKMARK [0][]{chapter.4}{4 El juego}{}% 21
\BOOKMARK [1][]{section.4.1}{4.1 El juego \(Reto actinver\)}{chapter.4}% 22
\BOOKMARK [1][]{section.4.2}{4.2 Bolsa}{chapter.4}% 23
\BOOKMARK [1][]{section.4.3}{4.3 Broker}{chapter.4}% 24
\BOOKMARK [1][]{section.4.4}{4.4 Mercado}{chapter.4}% 25
\BOOKMARK [1][]{section.4.5}{4.5 Agente}{chapter.4}% 26
\BOOKMARK [2][]{subsection.4.5.1}{4.5.1 Propiedades y metodos del agente}{section.4.5}% 27
\BOOKMARK [1][]{section.4.6}{4.6 Mundo real}{chapter.4}% 28
\BOOKMARK [1][]{section.4.7}{4.7 Utilidad Horizonte Infinito}{chapter.4}% 29
\BOOKMARK [1][]{section.4.8}{4.8 Instrumentos financieros: Acciones y otros...}{chapter.4}% 30
\BOOKMARK [0][]{chapter.5}{5 Bolsa mexicana de valores}{}% 31
\BOOKMARK [1][]{section.5.1}{5.1 \040Bolsa mexicana de valores }{chapter.5}% 32
\BOOKMARK [1][]{section.5.2}{5.2 \040Mercado }{chapter.5}% 33
\BOOKMARK [2][]{subsection.5.2.1}{5.2.1 \040Etapas del mercado }{section.5.2}% 34
\BOOKMARK [2][]{subsection.5.2.2}{5.2.2 \040Posturas en la bolsa mexicana de valores }{section.5.2}% 35
\BOOKMARK [3][]{subsubsection.5.2.2.1}{5.2.2.1 \040Limitada }{subsection.5.2.2}% 36
\BOOKMARK [3][]{subsubsection.5.2.2.2}{5.2.2.2 \040A mercado pura }{subsection.5.2.2}% 37
\BOOKMARK [3][]{subsubsection.5.2.2.3}{5.2.2.3 \040Mercado con protecci\363n }{subsection.5.2.2}% 38
\BOOKMARK [3][]{subsubsection.5.2.2.4}{5.2.2.4 \040Al cierre \( Etapa 1 y 2 \) }{subsection.5.2.2}% 39
\BOOKMARK [3][]{subsubsection.5.2.2.5}{5.2.2.5 \040Mejor postura limitada }{subsection.5.2.2}% 40
\BOOKMARK [3][]{subsubsection.5.2.2.6}{5.2.2.6 \040Precio medio }{subsection.5.2.2}% 41
\BOOKMARK [3][]{subsubsection.5.2.2.7}{5.2.2.7 \040Precio Promedio del dia }{subsection.5.2.2}% 42
\BOOKMARK [2][]{subsection.5.2.3}{5.2.3 \040Mercado }{section.5.2}% 43
\BOOKMARK [3][]{subsubsection.5.2.3.1}{5.2.3.1 \040Segmentos del mercado }{subsection.5.2.3}% 44
\BOOKMARK [2][]{subsection.5.2.4}{5.2.4 \040Opciones }{section.5.2}% 45
\BOOKMARK [3][]{subsubsection.5.2.4.1}{5.2.4.1 \040Call option }{subsection.5.2.4}% 46
\BOOKMARK [3][]{subsubsection.5.2.4.2}{5.2.4.2 \040Put option }{subsection.5.2.4}% 47
\BOOKMARK [3][]{subsubsection.5.2.4.3}{5.2.4.3 \040Go short }{subsection.5.2.4}% 48
\BOOKMARK [2][]{subsection.5.2.5}{5.2.5 \040Go long }{section.5.2}% 49
\BOOKMARK [2][]{subsection.5.2.6}{5.2.6 \040Stop order }{section.5.2}% 50
\BOOKMARK [0][]{chapter.6}{6 Dise\361o del experimento}{}% 51
\BOOKMARK [1][]{section.6.1}{6.1 Secci\363n}{chapter.6}% 52
\BOOKMARK [2][]{subsection.6.1.1}{6.1.1 Subsecci\363n}{section.6.1}% 53
\BOOKMARK [2][]{subsection.6.1.2}{6.1.2 Subsecci\363n}{section.6.1}% 54
\BOOKMARK [0][]{chapter.7}{7 An\341lisis de Resultados}{}% 55
\BOOKMARK [1][]{section.7.1}{7.1 Resultados}{chapter.7}% 56
\BOOKMARK [1][]{section.7.2}{7.2 Comparaci\363n con otros algoritmos}{chapter.7}% 57
\BOOKMARK [0][]{chapter.8}{8 Conclusiones}{}% 58
\BOOKMARK [0][]{appendix.Alph1}{A Apendice ejemplos de LaTeX}{}% 59
\BOOKMARK [1][]{section.Alph1.1}{A.1 Ejemplo de secci\363n en color azul}{appendix.Alph1}% 60
\BOOKMARK [1][]{section.Alph1.2}{A.2 Ejemplo de tablas}{appendix.Alph1}% 61
\BOOKMARK [1][]{section.Alph1.3}{A.3 Ejemplo de MATLAB \(seg\372n Jes\372s\)}{appendix.Alph1}% 62
\BOOKMARK [1][]{section.Alph1.4}{A.4 Ejemplo de citas}{appendix.Alph1}% 63
\BOOKMARK [1][]{section.Alph1.5}{A.5 Ejemplo de pseudoc\363digo}{appendix.Alph1}% 64
\BOOKMARK [1][]{section.Alph1.6}{A.6 Ejemplo de figuras}{appendix.Alph1}% 65
\BOOKMARK [1][]{section.Alph1.7}{A.7 Matrices and other arrays in LaTeX}{appendix.Alph1}% 66
\BOOKMARK [1][]{section.Alph1.8}{A.8 Introduction}{appendix.Alph1}% 67
\BOOKMARK [0][]{appendix*.9}{Bibliograf\355a}{}% 68
